<?xml version="1.0" encoding="utf-8"?><testsuites name="pytest tests"><testsuite name="pytest" errors="0" failures="0" skipped="0" tests="11" time="1.091" timestamp="2026-05-02T09:09:10.653685+00:00" hostname="agent-env-e57a1d05-85f7-414e-af81-9d27abd97929"><testcase classname="backend.tests.test_sifat_api" name="test_root" time="0.288" /><testcase classname="backend.tests.test_sifat_api" name="test_create_session_returns_uuid" time="0.050" /><testcase classname="backend.tests.test_sifat_api" name="test_get_session" time="0.046" /><testcase classname="backend.tests.test_sifat_api" name="test_get_session_404" time="0.044" /><testcase classname="backend.tests.test_sifat_api" name="test_update_scene_recomputes_totals" time="0.136" /><testcase classname="backend.tests.test_sifat_api" name="test_update_scene_404" time="0.047" /><testcase classname="backend.tests.test_sifat_api" name="test_complete_session" time="0.087" /><testcase classname="backend.tests.test_sifat_api" name="test_complete_session_404" time="0.048" /><testcase classname="backend.tests.test_sifat_api" name="test_teacher_sessions_list" time="0.050" /><testcase classname="backend.tests.test_sifat_api" name="test_teacher_stats" time="0.046" /><testcase classname="backend.tests.test_sifat_api" name="test_zz_cleanup" time="0.043" /></testsuite></testsuites>