<?xml version="1.0" encoding="utf-8"?><testsuites name="pytest tests"><testsuite name="pytest" errors="0" failures="0" skipped="0" tests="11" time="5.397" timestamp="2026-05-06T20:02:16.609163+00:00" hostname="agent-env-e57a1d05-85f7-414e-af81-9d27abd97929"><testcase classname="backend.tests.test_sifat_api" name="test_root" time="0.667" /><testcase classname="backend.tests.test_sifat_api" name="test_create_session_returns_uuid" time="0.082" /><testcase classname="backend.tests.test_sifat_api" name="test_get_session" time="0.138" /><testcase classname="backend.tests.test_sifat_api" name="test_get_session_404" time="0.574" /><testcase classname="backend.tests.test_sifat_api" name="test_update_scene_recomputes_totals" time="2.181" /><testcase classname="backend.tests.test_sifat_api" name="test_update_scene_404" time="0.080" /><testcase classname="backend.tests.test_sifat_api" name="test_complete_session" time="0.163" /><testcase classname="backend.tests.test_sifat_api" name="test_complete_session_404" time="1.038" /><testcase classname="backend.tests.test_sifat_api" name="test_teacher_sessions_list" time="0.092" /><testcase classname="backend.tests.test_sifat_api" name="test_teacher_stats" time="0.082" /><testcase classname="backend.tests.test_sifat_api" name="test_zz_cleanup" time="0.083" /></testsuite></testsuites>